<?xml version="1.0" encoding="UTF-8"?>
<testsuite xmlns:xsi="http://www.w3.org/2001/XMLSchema-instance" xsi:noNamespaceSchemaLocation="https://maven.apache.org/surefire/maven-surefire-plugin/xsd/surefire-test-report.xsd" name="acceptance.test.GeneralRunner" time="22.001" tests="1" errors="0" skipped="0" failures="1">
  <properties>
    <property name="sun.desktop" value="windows"/>
    <property name="awt.toolkit" value="sun.awt.windows.WToolkit"/>
    <property name="file.encoding.pkg" value="sun.io"/>
    <property name="java.specification.version" value="1.8"/>
    <property name="sun.cpu.isalist" value="amd64"/>
    <property name="sun.jnu.encoding" value="Cp1252"/>
    <property name="java.class.path" value="C:\Users\ingcr\IdeaProjects\TestSofka\Borrador\PruebaTecnicaCobre\PruebaTecnica\target\test-classes;C:\Users\ingcr\IdeaProjects\TestSofka\Borrador\PruebaTecnicaCobre\PruebaTecnica\target\classes;C:\Users\ingcr\.m2\repository\com\intuit\karate\karate-junit5\1.3.1\karate-junit5-1.3.1.jar;C:\Users\ingcr\.m2\repository\com\intuit\karate\karate-core\1.3.1\karate-core-1.3.1.jar;C:\Users\ingcr\.m2\repository\org\graalvm\js\js-scriptengine\22.0.0.2\js-scriptengine-22.0.0.2.jar;C:\Users\ingcr\.m2\repository\org\graalvm\sdk\graal-sdk\22.0.0.2\graal-sdk-22.0.0.2.jar;C:\Users\ingcr\.m2\repository\org\graalvm\js\js\22.0.0.2\js-22.0.0.2.jar;C:\Users\ingcr\.m2\repository\org\graalvm\regex\regex\22.0.0.2\regex-22.0.0.2.jar;C:\Users\ingcr\.m2\repository\org\graalvm\truffle\truffle-api\22.0.0.2\truffle-api-22.0.0.2.jar;C:\Users\ingcr\.m2\repository\org\thymeleaf\thymeleaf\3.0.14.RELEASE\thymeleaf-3.0.14.RELEASE.jar;C:\Users\ingcr\.m2\repository\ognl\ognl\3.1.26\ognl-3.1.26.jar;C:\Users\ingcr\.m2\repository\org\javassist\javassist\3.20.0-GA\javassist-3.20.0-GA.jar;C:\Users\ingcr\.m2\repository\org\attoparser\attoparser\2.0.5.RELEASE\attoparser-2.0.5.RELEASE.jar;C:\Users\ingcr\.m2\repository\org\unbescape\unbescape\1.1.6.RELEASE\unbescape-1.1.6.RELEASE.jar;C:\Users\ingcr\.m2\repository\com\linecorp\armeria\armeria\1.18.0\armeria-1.18.0.jar;C:\Users\ingcr\.m2\repository\io\micrometer\micrometer-core\1.9.2\micrometer-core-1.9.2.jar;C:\Users\ingcr\.m2\repository\org\hdrhistogram\HdrHistogram\2.1.12\HdrHistogram-2.1.12.jar;C:\Users\ingcr\.m2\repository\org\latencyutils\LatencyUtils\2.0.3\LatencyUtils-2.0.3.jar;C:\Users\ingcr\.m2\repository\io\netty\netty-transport\4.1.79.Final\netty-transport-4.1.79.Final.jar;C:\Users\ingcr\.m2\repository\io\netty\netty-common\4.1.79.Final\netty-common-4.1.79.Final.jar;C:\Users\ingcr\.m2\repository\io\netty\netty-buffer\4.1.79.Final\netty-buffer-4.1.79.Final.jar;C:\Users\ingcr\.m2\repository\io\netty\netty-resolver\4.1.79.Final\netty-resolver-4.1.79.Final.jar;C:\Users\ingcr\.m2\repository\io\netty\netty-codec-haproxy\4.1.79.Final\netty-codec-haproxy-4.1.79.Final.jar;C:\Users\ingcr\.m2\repository\io\netty\netty-codec\4.1.79.Final\netty-codec-4.1.79.Final.jar;C:\Users\ingcr\.m2\repository\io\netty\netty-codec-http2\4.1.79.Final\netty-codec-http2-4.1.79.Final.jar;C:\Users\ingcr\.m2\repository\io\netty\netty-handler\4.1.79.Final\netty-handler-4.1.79.Final.jar;C:\Users\ingcr\.m2\repository\io\netty\netty-codec-http\4.1.79.Final\netty-codec-http-4.1.79.Final.jar;C:\Users\ingcr\.m2\repository\io\netty\netty-resolver-dns\4.1.79.Final\netty-resolver-dns-4.1.79.Final.jar;C:\Users\ingcr\.m2\repository\io\netty\netty-codec-dns\4.1.79.Final\netty-codec-dns-4.1.79.Final.jar;C:\Users\ingcr\.m2\repository\org\reactivestreams\reactive-streams\1.0.4\reactive-streams-1.0.4.jar;C:\Users\ingcr\.m2\repository\io\netty\netty-transport-native-unix-common\4.1.79.Final\netty-transport-native-unix-common-4.1.79.Final-linux-x86_64.jar;C:\Users\ingcr\.m2\repository\io\netty\netty-transport-native-epoll\4.1.79.Final\netty-transport-native-epoll-4.1.79.Final-linux-x86_64.jar;C:\Users\ingcr\.m2\repository\io\netty\netty-transport-native-unix-common\4.1.79.Final\netty-transport-native-unix-common-4.1.79.Final.jar;C:\Users\ingcr\.m2\repository\io\netty\netty-transport-classes-epoll\4.1.79.Final\netty-transport-classes-epoll-4.1.79.Final.jar;C:\Users\ingcr\.m2\repository\io\netty\netty-resolver-dns-native-macos\4.1.79.Final\netty-resolver-dns-native-macos-4.1.79.Final-osx-x86_64.jar;C:\Users\ingcr\.m2\repository\io\netty\netty-resolver-dns-classes-macos\4.1.79.Final\netty-resolver-dns-classes-macos-4.1.79.Final.jar;C:\Users\ingcr\.m2\repository\io\netty\netty-resolver-dns-native-macos\4.1.79.Final\netty-resolver-dns-native-macos-4.1.79.Final-osx-aarch_64.jar;C:\Users\ingcr\.m2\repository\io\netty\netty-tcnative-boringssl-static\2.0.53.Final\netty-tcnative-boringssl-static-2.0.53.Final-linux-x86_64.jar;C:\Users\ingcr\.m2\repository\io\netty\netty-tcnative-classes\2.0.53.Final\netty-tcnative-classes-2.0.53.Final.jar;C:\Users\ingcr\.m2\repository\io\netty\netty-tcnative-boringssl-static\2.0.53.Final\netty-tcnative-boringssl-static-2.0.53.Final-linux-aarch_64.jar;C:\Users\ingcr\.m2\repository\io\netty\netty-tcnative-boringssl-static\2.0.53.Final\netty-tcnative-boringssl-static-2.0.53.Final-osx-x86_64.jar;C:\Users\ingcr\.m2\repository\io\netty\netty-tcnative-boringssl-static\2.0.53.Final\netty-tcnative-boringssl-static-2.0.53.Final-osx-aarch_64.jar;C:\Users\ingcr\.m2\repository\io\netty\netty-tcnative-boringssl-static\2.0.53.Final\netty-tcnative-boringssl-static-2.0.53.Final-windows-x86_64.jar;C:\Users\ingcr\.m2\repository\io\netty\netty-handler-proxy\4.1.79.Final\netty-handler-proxy-4.1.79.Final.jar;C:\Users\ingcr\.m2\repository\io\netty\netty-codec-socks\4.1.79.Final\netty-codec-socks-4.1.79.Final.jar;C:\Users\ingcr\.m2\repository\com\aayushatharva\brotli4j\brotli4j\1.7.1\brotli4j-1.7.1.jar;C:\Users\ingcr\.m2\repository\com\aayushatharva\brotli4j\native-windows-x86_64\1.7.1\native-windows-x86_64-1.7.1.jar;C:\Users\ingcr\.m2\repository\org\apache\httpcomponents\httpclient\4.5.13\httpclient-4.5.13.jar;C:\Users\ingcr\.m2\repository\org\apache\httpcomponents\httpcore\4.4.13\httpcore-4.4.13.jar;C:\Users\ingcr\.m2\repository\commons-codec\commons-codec\1.11\commons-codec-1.11.jar;C:\Users\ingcr\.m2\repository\ch\qos\logback\logback-classic\1.2.9\logback-classic-1.2.9.jar;C:\Users\ingcr\.m2\repository\ch\qos\logback\logback-core\1.2.9\logback-core-1.2.9.jar;C:\Users\ingcr\.m2\repository\org\slf4j\jcl-over-slf4j\1.7.32\jcl-over-slf4j-1.7.32.jar;C:\Users\ingcr\.m2\repository\org\antlr\antlr4-runtime\4.9.3\antlr4-runtime-4.9.3.jar;C:\Users\ingcr\.m2\repository\com\jayway\jsonpath\json-path\2.7.0\json-path-2.7.0.jar;C:\Users\ingcr\.m2\repository\net\minidev\json-smart\2.4.7\json-smart-2.4.7.jar;C:\Users\ingcr\.m2\repository\net\minidev\accessors-smart\2.4.7\accessors-smart-2.4.7.jar;C:\Users\ingcr\.m2\repository\org\ow2\asm\asm\9.1\asm-9.1.jar;C:\Users\ingcr\.m2\repository\info\cukes\cucumber-java\1.2.5\cucumber-java-1.2.5.jar;C:\Users\ingcr\.m2\repository\info\cukes\cucumber-core\1.2.5\cucumber-core-1.2.5.jar;C:\Users\ingcr\.m2\repository\org\yaml\snakeyaml\1.32\snakeyaml-1.32.jar;C:\Users\ingcr\.m2\repository\de\siegmar\fastcsv\2.0.0\fastcsv-2.0.0.jar;C:\Users\ingcr\.m2\repository\info\picocli\picocli\4.6.1\picocli-4.6.1.jar;C:\Users\ingcr\.m2\repository\io\github\classgraph\classgraph\4.8.149\classgraph-4.8.149.jar;C:\Users\ingcr\.m2\repository\io\github\t12y\resemble\1.0.2\resemble-1.0.2.jar;C:\Users\ingcr\.m2\repository\io\github\t12y\ssim\1.0.0\ssim-1.0.0.jar;C:\Users\ingcr\.m2\repository\org\junit\jupiter\junit-jupiter-api\5.7.2\junit-jupiter-api-5.7.2.jar;C:\Users\ingcr\.m2\repository\org\apiguardian\apiguardian-api\1.1.0\apiguardian-api-1.1.0.jar;C:\Users\ingcr\.m2\repository\org\opentest4j\opentest4j\1.2.0\opentest4j-1.2.0.jar;C:\Users\ingcr\.m2\repository\org\junit\platform\junit-platform-commons\1.7.2\junit-platform-commons-1.7.2.jar;C:\Users\ingcr\.m2\repository\org\junit\jupiter\junit-jupiter-engine\5.7.2\junit-jupiter-engine-5.7.2.jar;C:\Users\ingcr\.m2\repository\org\junit\platform\junit-platform-engine\1.7.2\junit-platform-engine-1.7.2.jar;C:\Users\ingcr\.m2\repository\net\masterthought\cucumber-reporting\5.7.0\cucumber-reporting-5.7.0.jar;C:\Users\ingcr\.m2\repository\com\fasterxml\jackson\datatype\jackson-datatype-jsr310\2.13.0\jackson-datatype-jsr310-2.13.0.jar;C:\Users\ingcr\.m2\repository\org\apache\velocity\velocity-engine-core\2.3\velocity-engine-core-2.3.jar;C:\Users\ingcr\.m2\repository\org\slf4j\slf4j-api\1.7.30\slf4j-api-1.7.30.jar;C:\Users\ingcr\.m2\repository\commons-collections\commons-collections\3.2.2\commons-collections-3.2.2.jar;C:\Users\ingcr\.m2\repository\joda-time\joda-time\2.10.10\joda-time-2.10.10.jar;C:\Users\ingcr\.m2\repository\org\apache\commons\commons-lang3\3.12.0\commons-lang3-3.12.0.jar;C:\Users\ingcr\.m2\repository\commons-io\commons-io\2.7\commons-io-2.7.jar;C:\Users\ingcr\.m2\repository\org\codehaus\plexus\plexus-utils\3.3.0\plexus-utils-3.3.0.jar;C:\Users\ingcr\.m2\repository\org\jsoup\jsoup\1.14.2\jsoup-1.14.2.jar;C:\Users\ingcr\.m2\repository\com\google\guava\guava\30.1.1-jre\guava-30.1.1-jre.jar;C:\Users\ingcr\.m2\repository\com\google\guava\failureaccess\1.0.1\failureaccess-1.0.1.jar;C:\Users\ingcr\.m2\repository\com\google\guava\listenablefuture\9999.0-empty-to-avoid-conflict-with-guava\listenablefuture-9999.0-empty-to-avoid-conflict-with-guava.jar;C:\Users\ingcr\.m2\repository\com\google\code\findbugs\jsr305\3.0.2\jsr305-3.0.2.jar;C:\Users\ingcr\.m2\repository\org\checkerframework\checker-qual\3.8.0\checker-qual-3.8.0.jar;C:\Users\ingcr\.m2\repository\com\google\errorprone\error_prone_annotations\2.5.1\error_prone_annotations-2.5.1.jar;C:\Users\ingcr\.m2\repository\com\google\j2objc\j2objc-annotations\1.3\j2objc-annotations-1.3.jar;C:\Users\ingcr\.m2\repository\com\googlecode\owasp-java-html-sanitizer\owasp-java-html-sanitizer\20211018.2\owasp-java-html-sanitizer-20211018.2.jar;C:\Users\ingcr\.m2\repository\commons-configuration\commons-configuration\1.10\commons-configuration-1.10.jar;C:\Users\ingcr\.m2\repository\commons-lang\commons-lang\2.6\commons-lang-2.6.jar;C:\Users\ingcr\.m2\repository\commons-logging\commons-logging\1.1.1\commons-logging-1.1.1.jar;C:\Users\ingcr\.m2\repository\com\fasterxml\jackson\core\jackson-databind\2.13.0\jackson-databind-2.13.0.jar;C:\Users\ingcr\.m2\repository\com\fasterxml\jackson\core\jackson-annotations\2.13.0\jackson-annotations-2.13.0.jar;C:\Users\ingcr\.m2\repository\com\fasterxml\jackson\core\jackson-core\2.13.0\jackson-core-2.13.0.jar;C:\Users\ingcr\.m2\repository\com\fasterxml\jackson\dataformat\jackson-dataformat-csv\2.13.0\jackson-dataformat-csv-2.13.0.jar;C:\Users\ingcr\.m2\repository\org\apache\commons\commons-csv\1.8\commons-csv-1.8.jar;"/>
    <property name="java.vm.vendor" value="Oracle Corporation"/>
    <property name="sun.arch.data.model" value="64"/>
    <property name="user.variant" value=""/>
    <property name="java.vendor.url" value="http://java.oracle.com/"/>
    <property name="user.timezone" value="America/Bogota"/>
    <property name="java.vm.specification.version" value="1.8"/>
    <property name="os.name" value="Windows 10"/>
    <property name="user.country" value="CO"/>
    <property name="sun.java.launcher" value="SUN_STANDARD"/>
    <property name="sun.boot.library.path" value="C:\Program Files\Java\jdk1.8.0_261\jre\bin"/>
    <property name="sun.java.command" value="C:\Users\ingcr\AppData\Local\Temp\surefire1999937712402364256\surefirebooter1551418771936879616.jar C:\Users\ingcr\AppData\Local\Temp\surefire1999937712402364256 2024-06-18T18-16-34_368-jvmRun1 surefire1707790834824174065tmp surefire_01029306160176281332tmp"/>
    <property name="test" value="GeneralRunner"/>
    <property name="surefire.test.class.path" value="C:\Users\ingcr\IdeaProjects\TestSofka\Borrador\PruebaTecnicaCobre\PruebaTecnica\target\test-classes;C:\Users\ingcr\IdeaProjects\TestSofka\Borrador\PruebaTecnicaCobre\PruebaTecnica\target\classes;C:\Users\ingcr\.m2\repository\com\intuit\karate\karate-junit5\1.3.1\karate-junit5-1.3.1.jar;C:\Users\ingcr\.m2\repository\com\intuit\karate\karate-core\1.3.1\karate-core-1.3.1.jar;C:\Users\ingcr\.m2\repository\org\graalvm\js\js-scriptengine\22.0.0.2\js-scriptengine-22.0.0.2.jar;C:\Users\ingcr\.m2\repository\org\graalvm\sdk\graal-sdk\22.0.0.2\graal-sdk-22.0.0.2.jar;C:\Users\ingcr\.m2\repository\org\graalvm\js\js\22.0.0.2\js-22.0.0.2.jar;C:\Users\ingcr\.m2\repository\org\graalvm\regex\regex\22.0.0.2\regex-22.0.0.2.jar;C:\Users\ingcr\.m2\repository\org\graalvm\truffle\truffle-api\22.0.0.2\truffle-api-22.0.0.2.jar;C:\Users\ingcr\.m2\repository\org\thymeleaf\thymeleaf\3.0.14.RELEASE\thymeleaf-3.0.14.RELEASE.jar;C:\Users\ingcr\.m2\repository\ognl\ognl\3.1.26\ognl-3.1.26.jar;C:\Users\ingcr\.m2\repository\org\javassist\javassist\3.20.0-GA\javassist-3.20.0-GA.jar;C:\Users\ingcr\.m2\repository\org\attoparser\attoparser\2.0.5.RELEASE\attoparser-2.0.5.RELEASE.jar;C:\Users\ingcr\.m2\repository\org\unbescape\unbescape\1.1.6.RELEASE\unbescape-1.1.6.RELEASE.jar;C:\Users\ingcr\.m2\repository\com\linecorp\armeria\armeria\1.18.0\armeria-1.18.0.jar;C:\Users\ingcr\.m2\repository\io\micrometer\micrometer-core\1.9.2\micrometer-core-1.9.2.jar;C:\Users\ingcr\.m2\repository\org\hdrhistogram\HdrHistogram\2.1.12\HdrHistogram-2.1.12.jar;C:\Users\ingcr\.m2\repository\org\latencyutils\LatencyUtils\2.0.3\LatencyUtils-2.0.3.jar;C:\Users\ingcr\.m2\repository\io\netty\netty-transport\4.1.79.Final\netty-transport-4.1.79.Final.jar;C:\Users\ingcr\.m2\repository\io\netty\netty-common\4.1.79.Final\netty-common-4.1.79.Final.jar;C:\Users\ingcr\.m2\repository\io\netty\netty-buffer\4.1.79.Final\netty-buffer-4.1.79.Final.jar;C:\Users\ingcr\.m2\repository\io\netty\netty-resolver\4.1.79.Final\netty-resolver-4.1.79.Final.jar;C:\Users\ingcr\.m2\repository\io\netty\netty-codec-haproxy\4.1.79.Final\netty-codec-haproxy-4.1.79.Final.jar;C:\Users\ingcr\.m2\repository\io\netty\netty-codec\4.1.79.Final\netty-codec-4.1.79.Final.jar;C:\Users\ingcr\.m2\repository\io\netty\netty-codec-http2\4.1.79.Final\netty-codec-http2-4.1.79.Final.jar;C:\Users\ingcr\.m2\repository\io\netty\netty-handler\4.1.79.Final\netty-handler-4.1.79.Final.jar;C:\Users\ingcr\.m2\repository\io\netty\netty-codec-http\4.1.79.Final\netty-codec-http-4.1.79.Final.jar;C:\Users\ingcr\.m2\repository\io\netty\netty-resolver-dns\4.1.79.Final\netty-resolver-dns-4.1.79.Final.jar;C:\Users\ingcr\.m2\repository\io\netty\netty-codec-dns\4.1.79.Final\netty-codec-dns-4.1.79.Final.jar;C:\Users\ingcr\.m2\repository\org\reactivestreams\reactive-streams\1.0.4\reactive-streams-1.0.4.jar;C:\Users\ingcr\.m2\repository\io\netty\netty-transport-native-unix-common\4.1.79.Final\netty-transport-native-unix-common-4.1.79.Final-linux-x86_64.jar;C:\Users\ingcr\.m2\repository\io\netty\netty-transport-native-epoll\4.1.79.Final\netty-transport-native-epoll-4.1.79.Final-linux-x86_64.jar;C:\Users\ingcr\.m2\repository\io\netty\netty-transport-native-unix-common\4.1.79.Final\netty-transport-native-unix-common-4.1.79.Final.jar;C:\Users\ingcr\.m2\repository\io\netty\netty-transport-classes-epoll\4.1.79.Final\netty-transport-classes-epoll-4.1.79.Final.jar;C:\Users\ingcr\.m2\repository\io\netty\netty-resolver-dns-native-macos\4.1.79.Final\netty-resolver-dns-native-macos-4.1.79.Final-osx-x86_64.jar;C:\Users\ingcr\.m2\repository\io\netty\netty-resolver-dns-classes-macos\4.1.79.Final\netty-resolver-dns-classes-macos-4.1.79.Final.jar;C:\Users\ingcr\.m2\repository\io\netty\netty-resolver-dns-native-macos\4.1.79.Final\netty-resolver-dns-native-macos-4.1.79.Final-osx-aarch_64.jar;C:\Users\ingcr\.m2\repository\io\netty\netty-tcnative-boringssl-static\2.0.53.Final\netty-tcnative-boringssl-static-2.0.53.Final-linux-x86_64.jar;C:\Users\ingcr\.m2\repository\io\netty\netty-tcnative-classes\2.0.53.Final\netty-tcnative-classes-2.0.53.Final.jar;C:\Users\ingcr\.m2\repository\io\netty\netty-tcnative-boringssl-static\2.0.53.Final\netty-tcnative-boringssl-static-2.0.53.Final-linux-aarch_64.jar;C:\Users\ingcr\.m2\repository\io\netty\netty-tcnative-boringssl-static\2.0.53.Final\netty-tcnative-boringssl-static-2.0.53.Final-osx-x86_64.jar;C:\Users\ingcr\.m2\repository\io\netty\netty-tcnative-boringssl-static\2.0.53.Final\netty-tcnative-boringssl-static-2.0.53.Final-osx-aarch_64.jar;C:\Users\ingcr\.m2\repository\io\netty\netty-tcnative-boringssl-static\2.0.53.Final\netty-tcnative-boringssl-static-2.0.53.Final-windows-x86_64.jar;C:\Users\ingcr\.m2\repository\io\netty\netty-handler-proxy\4.1.79.Final\netty-handler-proxy-4.1.79.Final.jar;C:\Users\ingcr\.m2\repository\io\netty\netty-codec-socks\4.1.79.Final\netty-codec-socks-4.1.79.Final.jar;C:\Users\ingcr\.m2\repository\com\aayushatharva\brotli4j\brotli4j\1.7.1\brotli4j-1.7.1.jar;C:\Users\ingcr\.m2\repository\com\aayushatharva\brotli4j\native-windows-x86_64\1.7.1\native-windows-x86_64-1.7.1.jar;C:\Users\ingcr\.m2\repository\org\apache\httpcomponents\httpclient\4.5.13\httpclient-4.5.13.jar;C:\Users\ingcr\.m2\repository\org\apache\httpcomponents\httpcore\4.4.13\httpcore-4.4.13.jar;C:\Users\ingcr\.m2\repository\commons-codec\commons-codec\1.11\commons-codec-1.11.jar;C:\Users\ingcr\.m2\repository\ch\qos\logback\logback-classic\1.2.9\logback-classic-1.2.9.jar;C:\Users\ingcr\.m2\repository\ch\qos\logback\logback-core\1.2.9\logback-core-1.2.9.jar;C:\Users\ingcr\.m2\repository\org\slf4j\jcl-over-slf4j\1.7.32\jcl-over-slf4j-1.7.32.jar;C:\Users\ingcr\.m2\repository\org\antlr\antlr4-runtime\4.9.3\antlr4-runtime-4.9.3.jar;C:\Users\ingcr\.m2\repository\com\jayway\jsonpath\json-path\2.7.0\json-path-2.7.0.jar;C:\Users\ingcr\.m2\repository\net\minidev\json-smart\2.4.7\json-smart-2.4.7.jar;C:\Users\ingcr\.m2\repository\net\minidev\accessors-smart\2.4.7\accessors-smart-2.4.7.jar;C:\Users\ingcr\.m2\repository\org\ow2\asm\asm\9.1\asm-9.1.jar;C:\Users\ingcr\.m2\repository\info\cukes\cucumber-java\1.2.5\cucumber-java-1.2.5.jar;C:\Users\ingcr\.m2\repository\info\cukes\cucumber-core\1.2.5\cucumber-core-1.2.5.jar;C:\Users\ingcr\.m2\repository\org\yaml\snakeyaml\1.32\snakeyaml-1.32.jar;C:\Users\ingcr\.m2\repository\de\siegmar\fastcsv\2.0.0\fastcsv-2.0.0.jar;C:\Users\ingcr\.m2\repository\info\picocli\picocli\4.6.1\picocli-4.6.1.jar;C:\Users\ingcr\.m2\repository\io\github\classgraph\classgraph\4.8.149\classgraph-4.8.149.jar;C:\Users\ingcr\.m2\repository\io\github\t12y\resemble\1.0.2\resemble-1.0.2.jar;C:\Users\ingcr\.m2\repository\io\github\t12y\ssim\1.0.0\ssim-1.0.0.jar;C:\Users\ingcr\.m2\repository\org\junit\jupiter\junit-jupiter-api\5.7.2\junit-jupiter-api-5.7.2.jar;C:\Users\ingcr\.m2\repository\org\apiguardian\apiguardian-api\1.1.0\apiguardian-api-1.1.0.jar;C:\Users\ingcr\.m2\repository\org\opentest4j\opentest4j\1.2.0\opentest4j-1.2.0.jar;C:\Users\ingcr\.m2\repository\org\junit\platform\junit-platform-commons\1.7.2\junit-platform-commons-1.7.2.jar;C:\Users\ingcr\.m2\repository\org\junit\jupiter\junit-jupiter-engine\5.7.2\junit-jupiter-engine-5.7.2.jar;C:\Users\ingcr\.m2\repository\org\junit\platform\junit-platform-engine\1.7.2\junit-platform-engine-1.7.2.jar;C:\Users\ingcr\.m2\repository\net\masterthought\cucumber-reporting\5.7.0\cucumber-reporting-5.7.0.jar;C:\Users\ingcr\.m2\repository\com\fasterxml\jackson\datatype\jackson-datatype-jsr310\2.13.0\jackson-datatype-jsr310-2.13.0.jar;C:\Users\ingcr\.m2\repository\org\apache\velocity\velocity-engine-core\2.3\velocity-engine-core-2.3.jar;C:\Users\ingcr\.m2\repository\org\slf4j\slf4j-api\1.7.30\slf4j-api-1.7.30.jar;C:\Users\ingcr\.m2\repository\commons-collections\commons-collections\3.2.2\commons-collections-3.2.2.jar;C:\Users\ingcr\.m2\repository\joda-time\joda-time\2.10.10\joda-time-2.10.10.jar;C:\Users\ingcr\.m2\repository\org\apache\commons\commons-lang3\3.12.0\commons-lang3-3.12.0.jar;C:\Users\ingcr\.m2\repository\commons-io\commons-io\2.7\commons-io-2.7.jar;C:\Users\ingcr\.m2\repository\org\codehaus\plexus\plexus-utils\3.3.0\plexus-utils-3.3.0.jar;C:\Users\ingcr\.m2\repository\org\jsoup\jsoup\1.14.2\jsoup-1.14.2.jar;C:\Users\ingcr\.m2\repository\com\google\guava\guava\30.1.1-jre\guava-30.1.1-jre.jar;C:\Users\ingcr\.m2\repository\com\google\guava\failureaccess\1.0.1\failureaccess-1.0.1.jar;C:\Users\ingcr\.m2\repository\com\google\guava\listenablefuture\9999.0-empty-to-avoid-conflict-with-guava\listenablefuture-9999.0-empty-to-avoid-conflict-with-guava.jar;C:\Users\ingcr\.m2\repository\com\google\code\findbugs\jsr305\3.0.2\jsr305-3.0.2.jar;C:\Users\ingcr\.m2\repository\org\checkerframework\checker-qual\3.8.0\checker-qual-3.8.0.jar;C:\Users\ingcr\.m2\repository\com\google\errorprone\error_prone_annotations\2.5.1\error_prone_annotations-2.5.1.jar;C:\Users\ingcr\.m2\repository\com\google\j2objc\j2objc-annotations\1.3\j2objc-annotations-1.3.jar;C:\Users\ingcr\.m2\repository\com\googlecode\owasp-java-html-sanitizer\owasp-java-html-sanitizer\20211018.2\owasp-java-html-sanitizer-20211018.2.jar;C:\Users\ingcr\.m2\repository\commons-configuration\commons-configuration\1.10\commons-configuration-1.10.jar;C:\Users\ingcr\.m2\repository\commons-lang\commons-lang\2.6\commons-lang-2.6.jar;C:\Users\ingcr\.m2\repository\commons-logging\commons-logging\1.1.1\commons-logging-1.1.1.jar;C:\Users\ingcr\.m2\repository\com\fasterxml\jackson\core\jackson-databind\2.13.0\jackson-databind-2.13.0.jar;C:\Users\ingcr\.m2\repository\com\fasterxml\jackson\core\jackson-annotations\2.13.0\jackson-annotations-2.13.0.jar;C:\Users\ingcr\.m2\repository\com\fasterxml\jackson\core\jackson-core\2.13.0\jackson-core-2.13.0.jar;C:\Users\ingcr\.m2\repository\com\fasterxml\jackson\dataformat\jackson-dataformat-csv\2.13.0\jackson-dataformat-csv-2.13.0.jar;C:\Users\ingcr\.m2\repository\org\apache\commons\commons-csv\1.8\commons-csv-1.8.jar;"/>
    <property name="sun.cpu.endian" value="little"/>
    <property name="user.home" value="C:\Users\ingcr"/>
    <property name="user.language" value="es"/>
    <property name="java.specification.vendor" value="Oracle Corporation"/>
    <property name="java.home" value="C:\Program Files\Java\jdk1.8.0_261\jre"/>
    <property name="basedir" value="C:\Users\ingcr\IdeaProjects\TestSofka\Borrador\PruebaTecnicaCobre\PruebaTecnica"/>
    <property name="file.separator" value="\"/>
    <property name="line.separator" value="&#10;"/>
    <property name="java.vm.specification.vendor" value="Oracle Corporation"/>
    <property name="java.specification.name" value="Java Platform API Specification"/>
    <property name="java.awt.graphicsenv" value="sun.awt.Win32GraphicsEnvironment"/>
    <property name="surefire.real.class.path" value="C:\Users\ingcr\AppData\Local\Temp\surefire1999937712402364256\surefirebooter1551418771936879616.jar"/>
    <property name="sun.boot.class.path" value="C:\Program Files\Java\jdk1.8.0_261\jre\lib\resources.jar;C:\Program Files\Java\jdk1.8.0_261\jre\lib\rt.jar;C:\Program Files\Java\jdk1.8.0_261\jre\lib\sunrsasign.jar;C:\Program Files\Java\jdk1.8.0_261\jre\lib\jsse.jar;C:\Program Files\Java\jdk1.8.0_261\jre\lib\jce.jar;C:\Program Files\Java\jdk1.8.0_261\jre\lib\charsets.jar;C:\Program Files\Java\jdk1.8.0_261\jre\lib\jfr.jar;C:\Program Files\Java\jdk1.8.0_261\jre\classes"/>
    <property name="user.script" value=""/>
    <property name="sun.management.compiler" value="HotSpot 64-Bit Tiered Compilers"/>
    <property name="java.runtime.version" value="1.8.0_261-b12"/>
    <property name="user.name" value="ingcr"/>
    <property name="path.separator" value=";"/>
    <property name="os.version" value="10.0"/>
    <property name="java.endorsed.dirs" value="C:\Program Files\Java\jdk1.8.0_261\jre\lib\endorsed"/>
    <property name="java.runtime.name" value="Java(TM) SE Runtime Environment"/>
    <property name="file.encoding" value="UTF-8"/>
    <property name="java.vm.name" value="Java HotSpot(TM) 64-Bit Server VM"/>
    <property name="localRepository" value="C:\Users\ingcr\.m2\repository"/>
    <property name="java.vendor.url.bug" value="http://bugreport.sun.com/bugreport/"/>
    <property name="java.io.tmpdir" value="C:\Users\ingcr\AppData\Local\Temp\"/>
    <property name="java.version" value="1.8.0_261"/>
    <property name="user.dir" value="C:\Users\ingcr\IdeaProjects\TestSofka\Borrador\PruebaTecnicaCobre\PruebaTecnica"/>
    <property name="os.arch" value="amd64"/>
    <property name="java.vm.specification.name" value="Java Virtual Machine Specification"/>
    <property name="java.awt.printerjob" value="sun.awt.windows.WPrinterJob"/>
    <property name="sun.os.patch.level" value=""/>
    <property name="java.library.path" value="C:\Program Files\Java\jdk1.8.0_261\jre\bin;C:\WINDOWS\Sun\Java\bin;C:\WINDOWS\system32;C:\WINDOWS;C:\Program Files (x86)\Common Files\Oracle\Java\java8path;C:\Program Files (x86)\Common Files\Oracle\Java\javapath;C:\WINDOWS\system32;C:\WINDOWS;C:\WINDOWS\System32\Wbem;C:\WINDOWS\System32\WindowsPowerShell\v1.0\;C:\WINDOWS\System32\OpenSSH\;C:\Program Files\dotnet\;C:\Program Files\Microsoft SQL Server\130\Tools\Binn\;C:\Program Files\Microsoft SQL Server\Client SDK\ODBC\170\Tools\Binn\;C:\Gradle\gradle-5.2.1\bin;C:\xampp\php;C:\composer;C:\Program Files\Git\cmd;C:\Maven\apache-maven-3.6.3\bin;C:\Program Files\Java\jdk1.8.0_261\bin;C:\Program Files (x86)\Windows Kits\10\Windows Performance Toolkit\;C:\Windows\System32;C:\Users\ingcr\Downloads\flutter_windows_3.7.5-stable\flutter\bin;C:\Program Files\MongoDB\Server\6.0\bin;C:\Scala\scala3-3.3.0\bin;C:\Program Files\Go\bin;C:\Program Files\nodejs\;C:\Python38\Scripts\;C:\Python38\;C:\Users\ingcr\AppData\Local\Microsoft\WindowsApps;C:\Users\ingcr\AppData\Local\Programs\Microsoft VS Code\bin;C:\Users\ingcr\.dotnet\tools;C:\Users\ingcr\AppData\Roaming\Composer\vendor\bin;C:\Users\ingcr\AppData\Local\atom\bin;C:\Users\ingcr\AppData\Local\Microsoft\WindowsApps;C:\Users\ingcr\go\bin;C:\Users\ingcr\AppData\Roaming\npm;;."/>
    <property name="java.vm.info" value="mixed mode"/>
    <property name="java.vendor" value="Oracle Corporation"/>
    <property name="java.vm.version" value="25.261-b12"/>
    <property name="java.ext.dirs" value="C:\Program Files\Java\jdk1.8.0_261\jre\lib\ext;C:\WINDOWS\Sun\Java\lib\ext"/>
    <property name="sun.io.unicode.encoding" value="UnicodeLittle"/>
    <property name="java.class.version" value="52.0"/>
  </properties>
  <testcase name="testParallel" classname="acceptance.test.GeneralRunner" time="21.988">
    <failure message="js failed:&#10;&gt;&gt;&gt;&gt;&#10;01: Java.type(&apos;co.cobre.lib.qa.aws.S3Util&apos;)&#10;&lt;&lt;&lt;&lt;&#10;org.graalvm.polyglot.PolyglotException: TypeError: Access to host class co.cobre.lib.qa.aws.S3Util is not allowed or does not exist.&#10;- &lt;js&gt;.:program(Unnamed:1)&#10;&#10;classpath:acceptance/test/prueba-tecnica.feature:24&#10;js failed:&#10;&gt;&gt;&gt;&gt;&#10;01: Java.type(&apos;co.cobre.lib.qa.aws.S3Util&apos;)&#10;&lt;&lt;&lt;&lt;&#10;org.graalvm.polyglot.PolyglotException: TypeError: Access to host class co.cobre.lib.qa.aws.S3Util is not allowed or does not exist.&#10;- &lt;js&gt;.:program(Unnamed:1)&#10;&#10;classpath:acceptance/test/prueba-tecnica.feature:24&#10;js failed:&#10;&gt;&gt;&gt;&gt;&#10;01: Java.type(&apos;co.cobre.lib.qa.aws.S3Util&apos;)&#10;&lt;&lt;&lt;&lt;&#10;org.graalvm.polyglot.PolyglotException: TypeError: Access to host class co.cobre.lib.qa.aws.S3Util is not allowed or does not exist.&#10;- &lt;js&gt;.:program(Unnamed:1)&#10;&#10;classpath:acceptance/test/prueba-tecnica.feature:24&#10;js failed:&#10;&gt;&gt;&gt;&gt;&#10;01: Java.type(&apos;co.cobre.lib.qa.aws.S3Util&apos;)&#10;&lt;&lt;&lt;&lt;&#10;org.graalvm.polyglot.PolyglotException: TypeError: Access to host class co.cobre.lib.qa.aws.S3Util is not allowed or does not exist.&#10;- &lt;js&gt;.:program(Unnamed:1)&#10;&#10;classpath:acceptance/test/prueba-tecnica.feature:24 ==&gt; expected: &lt;0&gt; but was: &lt;4&gt;" type="org.opentest4j.AssertionFailedError"><![CDATA[org.opentest4j.AssertionFailedError: 
js failed:
>>>>
01: Java.type('co.cobre.lib.qa.aws.S3Util')
<<<<
org.graalvm.polyglot.PolyglotException: TypeError: Access to host class co.cobre.lib.qa.aws.S3Util is not allowed or does not exist.
- <js>.:program(Unnamed:1)

classpath:acceptance/test/prueba-tecnica.feature:24
js failed:
>>>>
01: Java.type('co.cobre.lib.qa.aws.S3Util')
<<<<
org.graalvm.polyglot.PolyglotException: TypeError: Access to host class co.cobre.lib.qa.aws.S3Util is not allowed or does not exist.
- <js>.:program(Unnamed:1)

classpath:acceptance/test/prueba-tecnica.feature:24
js failed:
>>>>
01: Java.type('co.cobre.lib.qa.aws.S3Util')
<<<<
org.graalvm.polyglot.PolyglotException: TypeError: Access to host class co.cobre.lib.qa.aws.S3Util is not allowed or does not exist.
- <js>.:program(Unnamed:1)

classpath:acceptance/test/prueba-tecnica.feature:24
js failed:
>>>>
01: Java.type('co.cobre.lib.qa.aws.S3Util')
<<<<
org.graalvm.polyglot.PolyglotException: TypeError: Access to host class co.cobre.lib.qa.aws.S3Util is not allowed or does not exist.
- <js>.:program(Unnamed:1)

classpath:acceptance/test/prueba-tecnica.feature:24 ==> expected: <0> but was: <4>
	at acceptance.test.GeneralRunner.testParallel(GeneralRunner.java:26)
]]></failure>
    <system-out><![CDATA[18:16:45.853 [main] DEBUG com.intuit.karate.Suite - [config] classpath:karate-config.js
18:16:49.865 [main] INFO  com.intuit.karate - Cargando configuraciones null 
Recaudo: 558432 - RICARDO TORRES -  - 2024-04-20
18:16:50.605 [main] INFO  com.intuit.karate - [print] [
  "RecaudoTemplate{tipoDocumento='CE', numeroDocumento='89308166', nombrePagador='', celular='+573504241615', email='correoprueba@gmail.com', referenciaUna='Ref8', referenciaDos='Ref27', descripcion='Pago deuda', monto='1157321', fechaVencimiento='2023-09-20', url='https://www.google.com'}",
  "RecaudoTemplate{tipoDocumento='CC', numeroDocumento='558432', nombrePagador='RICARDO TORRES', celular='', email='rtorres@gmail.com', referenciaUna='Ref9', referenciaDos='Ref28', descripcion='', monto='75000', fechaVencimiento='2024-04-20', url='https://www.google.com'}"
]
 
18:16:50.636 [main] DEBUG c.intuit.karate.core.ScenarioEngine - over-writing existing variable 'searchNumeroDocumento' with new value: '952456029'
18:16:50.645 [main] DEBUG c.intuit.karate.core.ScenarioEngine - over-writing existing variable 'newValueFechaVencimiento' with new value: '2024-04-20'
18:16:50.650 [main] DEBUG c.intuit.karate.core.ScenarioEngine - over-writing existing variable 'record' with new value: readerCSV.cargarDatosRecaudos(filePathDatosCorrectos, searchNumeroDocumento, newValueFechaVencimiento)
Recaudo: 952456029 - Natalia Perez - +573790765120 - 2024-04-20
18:16:50.684 [main] INFO  com.intuit.karate - [print] [
  "RecaudoTemplate{tipoDocumento='CC', numeroDocumento='82954306', nombrePagador='Oscar Gomez', celular='+573001679059', email='ogomez@gmail.com', referenciaUna='Ref1', referenciaDos='', descripcion='', monto='2000', fechaVencimiento='2023-09-15', url='https://www.google.com'}",
  "RecaudoTemplate{tipoDocumento='CE', numeroDocumento='461346', nombrePagador='Claudia López', celular='+573431092832', email='clopez@gmail.com', referenciaUna='Ref2', referenciaDos='', descripcion='', monto='1000000', fechaVencimiento='2023-09-15', url='https://www.google.com'}",
  "RecaudoTemplate{tipoDocumento='NIT', numeroDocumento='952456029', nombrePagador='Natalia Perez', celular='+573790765120', email='nlopez@gmail.com', referenciaUna='Ref3', referenciaDos='', descripcion='', monto='2999', fechaVencimiento='2024-04-20', url='https://www.google.com'}"
]
 
18:16:50.807 [main] ERROR com.intuit.karate - classpath:acceptance/test/prueba-tecnica.feature:24
* def S3Manager = Java.type('co.cobre.lib.qa.aws.S3Util')
js failed:
>>>>
01: Java.type('co.cobre.lib.qa.aws.S3Util')
<<<<
org.graalvm.polyglot.PolyglotException: TypeError: Access to host class co.cobre.lib.qa.aws.S3Util is not allowed or does not exist.
- <js>.:program(Unnamed:1)

classpath:acceptance/test/prueba-tecnica.feature:24
18:16:50.982 [main] INFO  com.intuit.karate - Cargando configuraciones null 
Recaudo: 558432 - RICARDO TORRES -  - 2024-04-20
18:16:51.096 [main] INFO  com.intuit.karate - [print] [
  "RecaudoTemplate{tipoDocumento='CE', numeroDocumento='89308166', nombrePagador='', celular='+573504241615', email='correoprueba@gmail.com', referenciaUna='Ref8', referenciaDos='Ref27', descripcion='Pago deuda', monto='1157321', fechaVencimiento='2023-09-20', url='https://www.google.com'}",
  "RecaudoTemplate{tipoDocumento='CC', numeroDocumento='558432', nombrePagador='RICARDO TORRES', celular='', email='rtorres@gmail.com', referenciaUna='Ref9', referenciaDos='Ref28', descripcion='', monto='75000', fechaVencimiento='2024-04-20', url='https://www.google.com'}"
]
 
18:16:51.112 [main] DEBUG c.intuit.karate.core.ScenarioEngine - over-writing existing variable 'searchNumeroDocumento' with new value: '952456029'
18:16:51.112 [main] DEBUG c.intuit.karate.core.ScenarioEngine - over-writing existing variable 'newValueFechaVencimiento' with new value: '2024-04-20'
18:16:51.112 [main] DEBUG c.intuit.karate.core.ScenarioEngine - over-writing existing variable 'record' with new value: readerCSV.cargarDatosRecaudos(filePathDatosCorrectos, searchNumeroDocumento, newValueFechaVencimiento)
Recaudo: 952456029 - Natalia Perez - +573790765120 - 2024-04-20
18:16:51.148 [main] INFO  com.intuit.karate - [print] [
  "RecaudoTemplate{tipoDocumento='CC', numeroDocumento='82954306', nombrePagador='Oscar Gomez', celular='+573001679059', email='ogomez@gmail.com', referenciaUna='Ref1', referenciaDos='', descripcion='', monto='2000', fechaVencimiento='2023-09-15', url='https://www.google.com'}",
  "RecaudoTemplate{tipoDocumento='CE', numeroDocumento='461346', nombrePagador='Claudia López', celular='+573431092832', email='clopez@gmail.com', referenciaUna='Ref2', referenciaDos='', descripcion='', monto='1000000', fechaVencimiento='2023-09-15', url='https://www.google.com'}",
  "RecaudoTemplate{tipoDocumento='NIT', numeroDocumento='952456029', nombrePagador='Natalia Perez', celular='+573790765120', email='nlopez@gmail.com', referenciaUna='Ref3', referenciaDos='', descripcion='', monto='2999', fechaVencimiento='2024-04-20', url='https://www.google.com'}"
]
 
18:16:51.180 [main] ERROR com.intuit.karate - classpath:acceptance/test/prueba-tecnica.feature:24
* def S3Manager = Java.type('co.cobre.lib.qa.aws.S3Util')
js failed:
>>>>
01: Java.type('co.cobre.lib.qa.aws.S3Util')
<<<<
org.graalvm.polyglot.PolyglotException: TypeError: Access to host class co.cobre.lib.qa.aws.S3Util is not allowed or does not exist.
- <js>.:program(Unnamed:1)

classpath:acceptance/test/prueba-tecnica.feature:24
18:16:51.227 [main] INFO  com.intuit.karate - Cargando configuraciones null 
Recaudo: 558432 - RICARDO TORRES -  - 2024-04-20
18:16:51.259 [main] INFO  com.intuit.karate - [print] [
  "RecaudoTemplate{tipoDocumento='CE', numeroDocumento='89308166', nombrePagador='', celular='+573504241615', email='correoprueba@gmail.com', referenciaUna='Ref8', referenciaDos='Ref27', descripcion='Pago deuda', monto='1157321', fechaVencimiento='2023-09-20', url='https://www.google.com'}",
  "RecaudoTemplate{tipoDocumento='CC', numeroDocumento='558432', nombrePagador='RICARDO TORRES', celular='', email='rtorres@gmail.com', referenciaUna='Ref9', referenciaDos='Ref28', descripcion='', monto='75000', fechaVencimiento='2024-04-20', url='https://www.google.com'}"
]
 
18:16:51.274 [main] DEBUG c.intuit.karate.core.ScenarioEngine - over-writing existing variable 'searchNumeroDocumento' with new value: '952456029'
18:16:51.274 [main] DEBUG c.intuit.karate.core.ScenarioEngine - over-writing existing variable 'newValueFechaVencimiento' with new value: '2024-04-20'
18:16:51.274 [main] DEBUG c.intuit.karate.core.ScenarioEngine - over-writing existing variable 'record' with new value: readerCSV.cargarDatosRecaudos(filePathDatosCorrectos, searchNumeroDocumento, newValueFechaVencimiento)
Recaudo: 952456029 - Natalia Perez - +573790765120 - 2024-04-20
18:16:51.306 [main] INFO  com.intuit.karate - [print] [
  "RecaudoTemplate{tipoDocumento='CC', numeroDocumento='82954306', nombrePagador='Oscar Gomez', celular='+573001679059', email='ogomez@gmail.com', referenciaUna='Ref1', referenciaDos='', descripcion='', monto='2000', fechaVencimiento='2023-09-15', url='https://www.google.com'}",
  "RecaudoTemplate{tipoDocumento='CE', numeroDocumento='461346', nombrePagador='Claudia López', celular='+573431092832', email='clopez@gmail.com', referenciaUna='Ref2', referenciaDos='', descripcion='', monto='1000000', fechaVencimiento='2023-09-15', url='https://www.google.com'}",
  "RecaudoTemplate{tipoDocumento='NIT', numeroDocumento='952456029', nombrePagador='Natalia Perez', celular='+573790765120', email='nlopez@gmail.com', referenciaUna='Ref3', referenciaDos='', descripcion='', monto='2999', fechaVencimiento='2024-04-20', url='https://www.google.com'}"
]
 
18:16:51.322 [main] ERROR com.intuit.karate - classpath:acceptance/test/prueba-tecnica.feature:24
* def S3Manager = Java.type('co.cobre.lib.qa.aws.S3Util')
js failed:
>>>>
01: Java.type('co.cobre.lib.qa.aws.S3Util')
<<<<
org.graalvm.polyglot.PolyglotException: TypeError: Access to host class co.cobre.lib.qa.aws.S3Util is not allowed or does not exist.
- <js>.:program(Unnamed:1)

classpath:acceptance/test/prueba-tecnica.feature:24
18:16:51.400 [main] INFO  com.intuit.karate - Cargando configuraciones null 
Recaudo: 558432 - RICARDO TORRES -  - 2024-04-20
18:16:51.447 [main] INFO  com.intuit.karate - [print] [
  "RecaudoTemplate{tipoDocumento='CE', numeroDocumento='89308166', nombrePagador='', celular='+573504241615', email='correoprueba@gmail.com', referenciaUna='Ref8', referenciaDos='Ref27', descripcion='Pago deuda', monto='1157321', fechaVencimiento='2023-09-20', url='https://www.google.com'}",
  "RecaudoTemplate{tipoDocumento='CC', numeroDocumento='558432', nombrePagador='RICARDO TORRES', celular='', email='rtorres@gmail.com', referenciaUna='Ref9', referenciaDos='Ref28', descripcion='', monto='75000', fechaVencimiento='2024-04-20', url='https://www.google.com'}"
]
 
18:16:51.463 [main] DEBUG c.intuit.karate.core.ScenarioEngine - over-writing existing variable 'searchNumeroDocumento' with new value: '952456029'
18:16:51.463 [main] DEBUG c.intuit.karate.core.ScenarioEngine - over-writing existing variable 'newValueFechaVencimiento' with new value: '2024-04-20'
18:16:51.463 [main] DEBUG c.intuit.karate.core.ScenarioEngine - over-writing existing variable 'record' with new value: readerCSV.cargarDatosRecaudos(filePathDatosCorrectos, searchNumeroDocumento, newValueFechaVencimiento)
Recaudo: 952456029 - Natalia Perez - +573790765120 - 2024-04-20
18:16:51.494 [main] INFO  com.intuit.karate - [print] [
  "RecaudoTemplate{tipoDocumento='CC', numeroDocumento='82954306', nombrePagador='Oscar Gomez', celular='+573001679059', email='ogomez@gmail.com', referenciaUna='Ref1', referenciaDos='', descripcion='', monto='2000', fechaVencimiento='2023-09-15', url='https://www.google.com'}",
  "RecaudoTemplate{tipoDocumento='CE', numeroDocumento='461346', nombrePagador='Claudia López', celular='+573431092832', email='clopez@gmail.com', referenciaUna='Ref2', referenciaDos='', descripcion='', monto='1000000', fechaVencimiento='2023-09-15', url='https://www.google.com'}",
  "RecaudoTemplate{tipoDocumento='NIT', numeroDocumento='952456029', nombrePagador='Natalia Perez', celular='+573790765120', email='nlopez@gmail.com', referenciaUna='Ref3', referenciaDos='', descripcion='', monto='2999', fechaVencimiento='2024-04-20', url='https://www.google.com'}"
]
 
18:16:51.530 [main] ERROR com.intuit.karate - classpath:acceptance/test/prueba-tecnica.feature:24
* def S3Manager = Java.type('co.cobre.lib.qa.aws.S3Util')
js failed:
>>>>
01: Java.type('co.cobre.lib.qa.aws.S3Util')
<<<<
org.graalvm.polyglot.PolyglotException: TypeError: Access to host class co.cobre.lib.qa.aws.S3Util is not allowed or does not exist.
- <js>.:program(Unnamed:1)

classpath:acceptance/test/prueba-tecnica.feature:24
---------------------------------------------------------
feature: classpath:acceptance/test/prueba-tecnica.feature
scenarios:  4 | passed:  0 | failed:  4 | time: 1,1255
---------------------------------------------------------

18:16:59.149 [main] INFO  com.intuit.karate.Suite - <<fail>> feature 1 of 1 (0 remaining) classpath:acceptance/test/prueba-tecnica.feature
Karate version: 1.3.1
======================================================
elapsed:  17,26 | threads:    1 | thread time: 1,13 
features:     1 | skipped:    0 | efficiency: 0,07
scenarios:    4 | passed:     0 | failed: 4
======================================================
>>> failed features:
js failed:
>>>>
01: Java.type('co.cobre.lib.qa.aws.S3Util')
<<<<
org.graalvm.polyglot.PolyglotException: TypeError: Access to host class co.cobre.lib.qa.aws.S3Util is not allowed or does not exist.
- <js>.:program(Unnamed:1)

classpath:acceptance/test/prueba-tecnica.feature:24
js failed:
>>>>
01: Java.type('co.cobre.lib.qa.aws.S3Util')
<<<<
org.graalvm.polyglot.PolyglotException: TypeError: Access to host class co.cobre.lib.qa.aws.S3Util is not allowed or does not exist.
- <js>.:program(Unnamed:1)

classpath:acceptance/test/prueba-tecnica.feature:24
js failed:
>>>>
01: Java.type('co.cobre.lib.qa.aws.S3Util')
<<<<
org.graalvm.polyglot.PolyglotException: TypeError: Access to host class co.cobre.lib.qa.aws.S3Util is not allowed or does not exist.
- <js>.:program(Unnamed:1)

classpath:acceptance/test/prueba-tecnica.feature:24
js failed:
>>>>
01: Java.type('co.cobre.lib.qa.aws.S3Util')
<<<<
org.graalvm.polyglot.PolyglotException: TypeError: Access to host class co.cobre.lib.qa.aws.S3Util is not allowed or does not exist.
- <js>.:program(Unnamed:1)

classpath:acceptance/test/prueba-tecnica.feature:24
<<<

HTML report: (paste into browser to view) | Karate version: 1.3.1
file:///C:/Users/ingcr/IdeaProjects/TestSofka/Borrador/PruebaTecnicaCobre/PruebaTecnica/target/karate-reports/karate-summary.html
===================================================================

]]></system-out>
    <system-err><![CDATA[jun 18, 2024 6:17:01 PM net.masterthought.cucumber.ReportParser parseJsonFiles
INFORMACIÓN: File 'C:\Users\ingcr\IdeaProjects\TestSofka\Borrador\PruebaTecnicaCobre\PruebaTecnica\target\karate-reports\acceptance.test.prueba-tecnica.json' contains 1 features
]]></system-err>
  </testcase>
</testsuite>